[2] Object Define
[6] Object Define
[5] Object Define
[1] Object Define
[4] Object Define
Worker 1 is allocated with 728 time intervals [1 .. 728]


Worker 2 is allocated with 728 time intervals [729 .. 1456]
Worker 3 is allocated with 728 time intervals [1457 .. 2184]
Worker 4 is allocated with 728 time intervals [2185 .. 2912]
Worker 5 is allocated with 728 time intervals [2913 .. 3640]
Worker 6 is allocated with 729 time intervals [3641 .. 4369]
[0] Object Define
[3] Object Define
[2] Object Init
[1] Object Init
[5] Object Init
[0] Object Init
[6] Object Init
[4] Object Init
[3] Object Init
[0] Communication Setup
[1] Formulation Define
[6] Formulation Define
[5] Formulation Define
[2] Formulation Define
[4] Formulation Define
[3] Formulation Define
[1] Communication Setup
[6] Communication Setup
[5] Communication Setup
[2] Communication Setup
[4] Communication Setup
[3] Communication Setup
[0] Solve Call to [1]
[0] Solve Call to [2]
[0] Solve Call to [3]
[0] Solve Call to [4]
[0] Solve Call to [5]
[0] Solve Call to [6]
elapsed time: 25.430926295 seconds
[5] Solve with Iter = 0
[3] Solve with Iter = 0
[2] Solve with Iter = 0
[6] Solve with Iter = 0
[1] Solve with Iter = 0
[4] Solve with Iter = 0
[0] Pull Call to [5]
[5] Pull Call Processing
[0] CurrentObj / TimeElapsed = 8.568783904248753e7 / 4371.636999845505
[0] Pull Call to [1]
[1] Pull Call Processing
[0] CurrentObj / TimeElapsed = 7.711280688306488e7 / 5142.5579998493195
[0] Pull Call to [3]
[3] Pull Call Processing
[0] CurrentObj / TimeElapsed = 1.1642296624431722e8 / 5445.584999799728
[0] Pull Call to [6]
[6] Pull Call Processing
[0] CurrentObj / TimeElapsed = 1.5542261808801836e8 / 5760.987999916077
[0] Push Data to [5]
[0] Solve Call to [5]
[0] Push Data to [6]
[0] Solve Call to [6]
[5] Push Call Processing
[5] Solve with Iter = 1
[6] Push Call Processing
[6] Solve with Iter = 4
[0] Pull Call to [2]
[2] Pull Call Processing
[0] CurrentObj / TimeElapsed = 1.9235365993363404e8 / 5868.413999795914
[0] Push Data to [1]
[0] Solve Call to [1]
[0] Push Data to [3]
[0] Solve Call to [3]
[0] Push Data to [2]
[0] Solve Call to [2]
[1] Push Call Processing
[2] Push Call Processing
[1] Solve with Iter = 2
[3] Push Call Processing
[2] Solve with Iter = 5
[3] Solve with Iter = 3
[0] Pull Call to [4]
[4] Pull Call Processing
[0] CurrentObj / TimeElapsed = 2.3185294004598877e8 / 5951.27599978447
[0] Push Data to [4]
[0] Solve Call to [4]
[4] Push Call Processing
[4] Solve with Iter = 6
[0] Pull Call to [2]
[2] Pull Call Processing

[0] CurrentObj / TimeElapsed = 2.3185261503486338e8 / 6701.101999998093
[0] Pull Call to [1]
[1] Pull Call Processing
[0] CurrentObj / TimeElapsed = 2.3185221060265902e8 / 6739.181999921799
[0] Push Data to [2]
[2] Push Call Processing


[0] Solve Call to [2]
[0] Push Data to [1]
[1] Push Call Processing
[0] Solve Call to [1]
[2] Solve with Iter = 7
[1] Solve with Iter = 8
[0] Pull Call to [3]
[3] Pull Call Processing

[0] CurrentObj / TimeElapsed = 2.3185221060265335e8 / 6922.141999959946
[0] Push Data to [3]
[3] Push Call Processing
[0] Solve Call to [3]
[3] Solve with Iter = 9
[0] Pull Call to [4]
[4] Pull Call Processing
[0] CurrentObj / TimeElapsed = 2.318516516582064e8 / 6982.456999778748
[0] Push Data to [4]
[4] Push Call Processing


[0] Solve Call to [4]
[4] Solve with Iter = 10
[0] Pull Call to [5]
[5] Pull Call Processing

[0] CurrentObj / TimeElapsed = 2.3185151923605984e8 / 7022.770999908447
[0] Push Data to [5]
[5] Push Call Processing
[0] Solve Call to [5]
[5] Solve with Iter = 11
[0] Pull Call to [6]
[6] Pull Call Processing
[0] CurrentObj / TimeElapsed = 2.318515098002262e8 / 7126.242999792099
[0] Push Data to [6]
[6] Push Call Processing
[0] Solve Call to [6]
[6] Solve with Iter = 12

job aborted:
[ranks] message

[0] job terminated by the user

[1-6] terminated

---- error analysis -----

[0] on WIN-7QH1JP48M4E
ctrl-c was hit. job aborted by the user.

---- error analysis -----
